app/build/intermediates/manifest_merge_blame_file/release/manifest-merger-blame-release-report.txt
1<?xml version="1.0" encoding="utf-8"?>
2<manifest xmlns:android="http://schemas.android.com/apk/res/android"
3    package="com.iot.technion.regrowth"
4    android:versionCode="1"
5    android:versionName="1.0" >
6
7    <uses-sdk
8        android:minSdkVersion="24"
8-->src\main\AndroidManifest.xml
9        android:targetSdkVersion="32" />
9-->src\main\AndroidManifest.xml
10
11    <!-- Include required permissions for Google Maps API to run. -->
12    <uses-permission android:name="android.permission.ACCESS_NETWORK_STATE" />
12-->[com.google.android.gms:play-services-maps:18.1.0] AndroidManifest.xml:23:5-79
12-->[com.google.android.gms:play-services-maps:18.1.0] AndroidManifest.xml:23:22-76
13    <uses-permission android:name="android.permission.INTERNET" />
13-->[com.google.android.gms:play-services-maps:18.1.0] AndroidManifest.xml:24:5-67
13-->[com.google.android.gms:play-services-maps:18.1.0] AndroidManifest.xml:24:22-64
14
15    <uses-feature
15-->[com.google.android.gms:play-services-maps:18.1.0] AndroidManifest.xml:26:5-28:35
16        android:glEsVersion="0x00020000"
16-->[com.google.android.gms:play-services-maps:18.1.0] AndroidManifest.xml:27:9-41
17        android:required="true" />
17-->[com.google.android.gms:play-services-maps:18.1.0] AndroidManifest.xml:28:9-32
18
19    <queries>
19-->[com.google.android.gms:play-services-maps:18.1.0] AndroidManifest.xml:30:5-34:15
20
21        <!-- Needs to be explicitly declared on Android R+ -->
22        <package android:name="com.google.android.apps.maps" />
22-->[com.google.android.gms:play-services-maps:18.1.0] AndroidManifest.xml:33:9-64
22-->[com.google.android.gms:play-services-maps:18.1.0] AndroidManifest.xml:33:18-61
23    </queries>
24
25    <uses-permission android:name="android.permission.WAKE_LOCK" />
25-->[com.google.android.gms:play-services-measurement-api:21.1.1] AndroidManifest.xml:24:5-68
25-->[com.google.android.gms:play-services-measurement-api:21.1.1] AndroidManifest.xml:24:22-65
26    <uses-permission android:name="com.google.android.gms.permission.AD_ID" />
26-->[com.google.android.gms:play-services-measurement-api:21.1.1] AndroidManifest.xml:25:5-79
26-->[com.google.android.gms:play-services-measurement-api:21.1.1] AndroidManifest.xml:25:22-76
27    <uses-permission android:name="com.google.android.finsky.permission.BIND_GET_INSTALL_REFERRER_SERVICE" />
27-->[com.google.android.gms:play-services-measurement:21.1.1] AndroidManifest.xml:26:5-110
27-->[com.google.android.gms:play-services-measurement:21.1.1] AndroidManifest.xml:26:22-107
28
29    <permission
29-->[androidx.core:core:1.9.0] AndroidManifest.xml:22:5-24:47
30        android:name="com.iot.technion.regrowth.DYNAMIC_RECEIVER_NOT_EXPORTED_PERMISSION"
30-->[androidx.core:core:1.9.0] AndroidManifest.xml:23:9-81
31        android:protectionLevel="signature" />
31-->[androidx.core:core:1.9.0] AndroidManifest.xml:24:9-44
32
33    <uses-permission android:name="com.iot.technion.regrowth.DYNAMIC_RECEIVER_NOT_EXPORTED_PERMISSION" />
33-->[androidx.core:core:1.9.0] AndroidManifest.xml:26:5-97
33-->[androidx.core:core:1.9.0] AndroidManifest.xml:26:22-94
34
35    <application
35-->src\main\AndroidManifest.xml:6:5-41:19
36        android:allowBackup="true"
36-->src\main\AndroidManifest.xml:7:9-35
37        android:appComponentFactory="androidx.core.app.CoreComponentFactory"
37-->[androidx.core:core:1.9.0] AndroidManifest.xml:28:18-86
38        android:dataExtractionRules="@xml/data_extraction_rules"
38-->src\main\AndroidManifest.xml:8:9-65
39        android:extractNativeLibs="false"
40        android:fullBackupContent="@xml/backup_rules"
40-->src\main\AndroidManifest.xml:9:9-54
41        android:icon="@drawable/app_logo"
41-->src\main\AndroidManifest.xml:10:9-42
42        android:label="@string/app_name"
42-->src\main\AndroidManifest.xml:11:9-41
43        android:supportsRtl="true"
43-->src\main\AndroidManifest.xml:12:9-35
44        android:theme="@style/Theme.Regrowth" >
44-->src\main\AndroidManifest.xml:13:9-46
45        <meta-data
45-->src\main\AndroidManifest.xml:15:9-17:71
46            android:name="com.google.android.geo.API_KEY"
46-->src\main\AndroidManifest.xml:16:13-58
47            android:value="AIzaSyBA1YOl8wyYzLK3Fjxc3bvZC823MGxN0Sc" />
47-->src\main\AndroidManifest.xml:17:13-68
48
49        <activity
49-->src\main\AndroidManifest.xml:19:9-22:59
50            android:name="com.iot.technion.regrowth.MapsActivity"
50-->src\main\AndroidManifest.xml:20:13-41
51            android:exported="false"
51-->src\main\AndroidManifest.xml:21:13-37
52            android:label="@string/title_activity_maps" />
52-->src\main\AndroidManifest.xml:22:13-56
53        <activity
53-->src\main\AndroidManifest.xml:23:9-26:20
54            android:name="com.iot.technion.regrowth.profile_activity"
54-->src\main\AndroidManifest.xml:24:13-45
55            android:exported="false" >
55-->src\main\AndroidManifest.xml:25:13-37
56        </activity>
57        <activity
57-->src\main\AndroidManifest.xml:27:9-31:20
58            android:name="com.iot.technion.regrowth.LoginActivity"
58-->src\main\AndroidManifest.xml:28:13-42
59            android:exported="false"
59-->src\main\AndroidManifest.xml:29:13-37
60            android:label="Regrowth" >
60-->src\main\AndroidManifest.xml:30:13-37
61        </activity>
62        <activity
62-->src\main\AndroidManifest.xml:32:9-40:20
63            android:name="com.iot.technion.regrowth.MainActivity"
63-->src\main\AndroidManifest.xml:33:13-41
64            android:exported="true"
64-->src\main\AndroidManifest.xml:34:13-36
65            android:theme="@style/Theme.Regrowth.NoActionBar" >
65-->src\main\AndroidManifest.xml:35:13-62
66            <intent-filter>
66-->src\main\AndroidManifest.xml:36:13-39:29
67                <action android:name="android.intent.action.MAIN" />
67-->src\main\AndroidManifest.xml:37:17-69
67-->src\main\AndroidManifest.xml:37:25-66
68
69                <category android:name="android.intent.category.LAUNCHER" />
69-->src\main\AndroidManifest.xml:38:17-77
69-->src\main\AndroidManifest.xml:38:27-74
70            </intent-filter>
71        </activity>
72        <!-- Needs to be explicitly declared on P+ -->
73        <uses-library
73-->[com.google.android.gms:play-services-maps:18.1.0] AndroidManifest.xml:39:9-41:40
74            android:name="org.apache.http.legacy"
74-->[com.google.android.gms:play-services-maps:18.1.0] AndroidManifest.xml:40:13-50
75            android:required="false" />
75-->[com.google.android.gms:play-services-maps:18.1.0] AndroidManifest.xml:41:13-37
76
77        <activity
77-->[com.google.android.gms:play-services-auth:20.3.0] AndroidManifest.xml:23:9-27:75
78            android:name="com.google.android.gms.auth.api.signin.internal.SignInHubActivity"
78-->[com.google.android.gms:play-services-auth:20.3.0] AndroidManifest.xml:24:13-93
79            android:excludeFromRecents="true"
79-->[com.google.android.gms:play-services-auth:20.3.0] AndroidManifest.xml:25:13-46
80            android:exported="false"
80-->[com.google.android.gms:play-services-auth:20.3.0] AndroidManifest.xml:26:13-37
81            android:theme="@android:style/Theme.Translucent.NoTitleBar" />
81-->[com.google.android.gms:play-services-auth:20.3.0] AndroidManifest.xml:27:13-72
82        <!--
83            Service handling Google Sign-In user revocation. For apps that do not integrate with
84            Google Sign-In, this service will never be started.
85        -->
86        <service
86-->[com.google.android.gms:play-services-auth:20.3.0] AndroidManifest.xml:33:9-37:51
87            android:name="com.google.android.gms.auth.api.signin.RevocationBoundService"
87-->[com.google.android.gms:play-services-auth:20.3.0] AndroidManifest.xml:34:13-89
88            android:exported="true"
88-->[com.google.android.gms:play-services-auth:20.3.0] AndroidManifest.xml:35:13-36
89            android:permission="com.google.android.gms.auth.api.signin.permission.REVOCATION_NOTIFICATION"
89-->[com.google.android.gms:play-services-auth:20.3.0] AndroidManifest.xml:36:13-107
90            android:visibleToInstantApps="true" />
90-->[com.google.android.gms:play-services-auth:20.3.0] AndroidManifest.xml:37:13-48
91        <service
91-->[com.google.firebase:firebase-auth-ktx:21.0.8] AndroidManifest.xml:8:9-14:19
92            android:name="com.google.firebase.components.ComponentDiscoveryService"
92-->[com.google.firebase:firebase-auth-ktx:21.0.8] AndroidManifest.xml:9:13-84
93            android:directBootAware="true"
93-->[com.google.firebase:firebase-common:20.1.2] AndroidManifest.xml:35:13-43
94            android:exported="false" >
94-->[com.google.firebase:firebase-auth-ktx:21.0.8] AndroidManifest.xml:10:13-37
95            <meta-data
95-->[com.google.firebase:firebase-auth-ktx:21.0.8] AndroidManifest.xml:11:13-13:85
96                android:name="com.google.firebase.components:com.google.firebase.auth.ktx.FirebaseAuthKtxRegistrar"
96-->[com.google.firebase:firebase-auth-ktx:21.0.8] AndroidManifest.xml:12:17-116
97                android:value="com.google.firebase.components.ComponentRegistrar" />
97-->[com.google.firebase:firebase-auth-ktx:21.0.8] AndroidManifest.xml:13:17-82
98            <meta-data
98-->[com.google.firebase:firebase-auth:21.0.8] AndroidManifest.xml:67:13-69:85
99                android:name="com.google.firebase.components:com.google.firebase.auth.FirebaseAuthRegistrar"
99-->[com.google.firebase:firebase-auth:21.0.8] AndroidManifest.xml:68:17-109
100                android:value="com.google.firebase.components.ComponentRegistrar" />
100-->[com.google.firebase:firebase-auth:21.0.8] AndroidManifest.xml:69:17-82
101            <meta-data
101-->[com.google.firebase:firebase-database-ktx:20.0.6] AndroidManifest.xml:15:13-17:85
102                android:name="com.google.firebase.components:com.google.firebase.database.ktx.FirebaseDatabaseKtxRegistrar"
102-->[com.google.firebase:firebase-database-ktx:20.0.6] AndroidManifest.xml:16:17-124
103                android:value="com.google.firebase.components.ComponentRegistrar" />
103-->[com.google.firebase:firebase-database-ktx:20.0.6] AndroidManifest.xml:17:17-82
104            <meta-data
104-->[com.google.firebase:firebase-database:20.0.6] AndroidManifest.xml:32:13-34:85
105                android:name="com.google.firebase.components:com.google.firebase.database.DatabaseRegistrar"
105-->[com.google.firebase:firebase-database:20.0.6] AndroidManifest.xml:33:17-109
106                android:value="com.google.firebase.components.ComponentRegistrar" />
106-->[com.google.firebase:firebase-database:20.0.6] AndroidManifest.xml:34:17-82
107            <meta-data
107-->[com.google.firebase:firebase-storage-ktx:20.0.2] AndroidManifest.xml:15:13-17:85
108                android:name="com.google.firebase.components:com.google.firebase.storage.ktx.FirebaseStorageKtxRegistrar"
108-->[com.google.firebase:firebase-storage-ktx:20.0.2] AndroidManifest.xml:16:17-122
109                android:value="com.google.firebase.components.ComponentRegistrar" />
109-->[com.google.firebase:firebase-storage-ktx:20.0.2] AndroidManifest.xml:17:17-82
110            <meta-data
110-->[com.google.firebase:firebase-storage:20.0.2] AndroidManifest.xml:33:13-35:85
111                android:name="com.google.firebase.components:com.google.firebase.storage.StorageRegistrar"
111-->[com.google.firebase:firebase-storage:20.0.2] AndroidManifest.xml:34:17-107
112                android:value="com.google.firebase.components.ComponentRegistrar" />
112-->[com.google.firebase:firebase-storage:20.0.2] AndroidManifest.xml:35:17-82
113            <meta-data
113-->[com.google.firebase:firebase-analytics-ktx:21.1.1] AndroidManifest.xml:11:13-13:85
114                android:name="com.google.firebase.components:com.google.firebase.analytics.ktx.FirebaseAnalyticsKtxRegistrar"
114-->[com.google.firebase:firebase-analytics-ktx:21.1.1] AndroidManifest.xml:12:17-126
115                android:value="com.google.firebase.components.ComponentRegistrar" />
115-->[com.google.firebase:firebase-analytics-ktx:21.1.1] AndroidManifest.xml:13:17-82
116            <meta-data
116-->[com.google.firebase:firebase-common-ktx:20.1.2] AndroidManifest.xml:15:13-17:85
117                android:name="com.google.firebase.components:com.google.firebase.ktx.FirebaseCommonKtxRegistrar"
117-->[com.google.firebase:firebase-common-ktx:20.1.2] AndroidManifest.xml:16:17-113
118                android:value="com.google.firebase.components.ComponentRegistrar" />
118-->[com.google.firebase:firebase-common-ktx:20.1.2] AndroidManifest.xml:17:17-82
119            <meta-data
119-->[com.google.android.gms:play-services-measurement-api:21.1.1] AndroidManifest.xml:31:13-33:85
120                android:name="com.google.firebase.components:com.google.firebase.analytics.connector.internal.AnalyticsConnectorRegistrar"
120-->[com.google.android.gms:play-services-measurement-api:21.1.1] AndroidManifest.xml:32:17-139
121                android:value="com.google.firebase.components.ComponentRegistrar" />
121-->[com.google.android.gms:play-services-measurement-api:21.1.1] AndroidManifest.xml:33:17-82
122            <meta-data
122-->[com.google.firebase:firebase-installations:17.0.3] AndroidManifest.xml:18:13-20:85
123                android:name="com.google.firebase.components:com.google.firebase.installations.FirebaseInstallationsRegistrar"
123-->[com.google.firebase:firebase-installations:17.0.3] AndroidManifest.xml:19:17-127
124                android:value="com.google.firebase.components.ComponentRegistrar" />
124-->[com.google.firebase:firebase-installations:17.0.3] AndroidManifest.xml:20:17-82
125        </service>
126
127        <activity
127-->[com.google.firebase:firebase-auth:21.0.8] AndroidManifest.xml:27:9-44:20
128            android:name="com.google.firebase.auth.internal.GenericIdpActivity"
128-->[com.google.firebase:firebase-auth:21.0.8] AndroidManifest.xml:28:13-80
129            android:excludeFromRecents="true"
129-->[com.google.firebase:firebase-auth:21.0.8] AndroidManifest.xml:29:13-46
130            android:exported="true"
130-->[com.google.firebase:firebase-auth:21.0.8] AndroidManifest.xml:30:13-36
131            android:launchMode="singleTask"
131-->[com.google.firebase:firebase-auth:21.0.8] AndroidManifest.xml:31:13-44
132            android:theme="@android:style/Theme.Translucent.NoTitleBar" >
132-->[com.google.firebase:firebase-auth:21.0.8] AndroidManifest.xml:32:13-72
133            <intent-filter>
133-->[com.google.firebase:firebase-auth:21.0.8] AndroidManifest.xml:33:13-43:29
134                <action android:name="android.intent.action.VIEW" />
134-->[com.google.firebase:firebase-auth:21.0.8] AndroidManifest.xml:34:17-69
134-->[com.google.firebase:firebase-auth:21.0.8] AndroidManifest.xml:34:25-66
135
136                <category android:name="android.intent.category.DEFAULT" />
136-->[com.google.firebase:firebase-auth:21.0.8] AndroidManifest.xml:36:17-76
136-->[com.google.firebase:firebase-auth:21.0.8] AndroidManifest.xml:36:27-73
137                <category android:name="android.intent.category.BROWSABLE" />
137-->[com.google.firebase:firebase-auth:21.0.8] AndroidManifest.xml:37:17-78
137-->[com.google.firebase:firebase-auth:21.0.8] AndroidManifest.xml:37:27-75
138
139                <data
139-->[com.google.firebase:firebase-auth:21.0.8] AndroidManifest.xml:39:17-42:51
140                    android:host="firebase.auth"
140-->[com.google.firebase:firebase-auth:21.0.8] AndroidManifest.xml:40:21-49
141                    android:path="/"
141-->[com.google.firebase:firebase-auth:21.0.8] AndroidManifest.xml:41:21-37
142                    android:scheme="genericidp" />
142-->[com.google.firebase:firebase-auth:21.0.8] AndroidManifest.xml:42:21-48
143            </intent-filter>
144        </activity>
145        <activity
145-->[com.google.firebase:firebase-auth:21.0.8] AndroidManifest.xml:45:9-62:20
146            android:name="com.google.firebase.auth.internal.RecaptchaActivity"
146-->[com.google.firebase:firebase-auth:21.0.8] AndroidManifest.xml:46:13-79
147            android:excludeFromRecents="true"
147-->[com.google.firebase:firebase-auth:21.0.8] AndroidManifest.xml:47:13-46
148            android:exported="true"
148-->[com.google.firebase:firebase-auth:21.0.8] AndroidManifest.xml:48:13-36
149            android:launchMode="singleTask"
149-->[com.google.firebase:firebase-auth:21.0.8] AndroidManifest.xml:49:13-44
150            android:theme="@android:style/Theme.Translucent.NoTitleBar" >
150-->[com.google.firebase:firebase-auth:21.0.8] AndroidManifest.xml:50:13-72
151            <intent-filter>
151-->[com.google.firebase:firebase-auth:21.0.8] AndroidManifest.xml:51:13-61:29
152                <action android:name="android.intent.action.VIEW" />
152-->[com.google.firebase:firebase-auth:21.0.8] AndroidManifest.xml:34:17-69
152-->[com.google.firebase:firebase-auth:21.0.8] AndroidManifest.xml:34:25-66
153
154                <category android:name="android.intent.category.DEFAULT" />
154-->[com.google.firebase:firebase-auth:21.0.8] AndroidManifest.xml:36:17-76
154-->[com.google.firebase:firebase-auth:21.0.8] AndroidManifest.xml:36:27-73
155                <category android:name="android.intent.category.BROWSABLE" />
155-->[com.google.firebase:firebase-auth:21.0.8] AndroidManifest.xml:37:17-78
155-->[com.google.firebase:firebase-auth:21.0.8] AndroidManifest.xml:37:27-75
156
157                <data
157-->[com.google.firebase:firebase-auth:21.0.8] AndroidManifest.xml:39:17-42:51
158                    android:host="firebase.auth"
158-->[com.google.firebase:firebase-auth:21.0.8] AndroidManifest.xml:40:21-49
159                    android:path="/"
159-->[com.google.firebase:firebase-auth:21.0.8] AndroidManifest.xml:41:21-37
160                    android:scheme="recaptcha" />
160-->[com.google.firebase:firebase-auth:21.0.8] AndroidManifest.xml:42:21-48
161            </intent-filter>
162        </activity>
163        <activity
163-->[com.google.android.gms:play-services-base:18.0.1] AndroidManifest.xml:20:9-22:45
164            android:name="com.google.android.gms.common.api.GoogleApiActivity"
164-->[com.google.android.gms:play-services-base:18.0.1] AndroidManifest.xml:20:19-85
165            android:exported="false"
165-->[com.google.android.gms:play-services-base:18.0.1] AndroidManifest.xml:22:19-43
166            android:theme="@android:style/Theme.Translucent.NoTitleBar" />
166-->[com.google.android.gms:play-services-base:18.0.1] AndroidManifest.xml:21:19-78
167
168        <provider
168-->[com.google.firebase:firebase-common:20.1.2] AndroidManifest.xml:26:9-31:39
169            android:name="com.google.firebase.provider.FirebaseInitProvider"
169-->[com.google.firebase:firebase-common:20.1.2] AndroidManifest.xml:27:13-77
170            android:authorities="com.iot.technion.regrowth.firebaseinitprovider"
170-->[com.google.firebase:firebase-common:20.1.2] AndroidManifest.xml:28:13-72
171            android:directBootAware="true"
171-->[com.google.firebase:firebase-common:20.1.2] AndroidManifest.xml:29:13-43
172            android:exported="false"
172-->[com.google.firebase:firebase-common:20.1.2] AndroidManifest.xml:30:13-37
173            android:initOrder="100" />
173-->[com.google.firebase:firebase-common:20.1.2] AndroidManifest.xml:31:13-36
174
175        <receiver
175-->[com.google.android.gms:play-services-measurement:21.1.1] AndroidManifest.xml:29:9-33:20
176            android:name="com.google.android.gms.measurement.AppMeasurementReceiver"
176-->[com.google.android.gms:play-services-measurement:21.1.1] AndroidManifest.xml:30:13-85
177            android:enabled="true"
177-->[com.google.android.gms:play-services-measurement:21.1.1] AndroidManifest.xml:31:13-35
178            android:exported="false" >
178-->[com.google.android.gms:play-services-measurement:21.1.1] AndroidManifest.xml:32:13-37
179        </receiver>
180
181        <service
181-->[com.google.android.gms:play-services-measurement:21.1.1] AndroidManifest.xml:35:9-38:40
182            android:name="com.google.android.gms.measurement.AppMeasurementService"
182-->[com.google.android.gms:play-services-measurement:21.1.1] AndroidManifest.xml:36:13-84
183            android:enabled="true"
183-->[com.google.android.gms:play-services-measurement:21.1.1] AndroidManifest.xml:37:13-35
184            android:exported="false" />
184-->[com.google.android.gms:play-services-measurement:21.1.1] AndroidManifest.xml:38:13-37
185        <service
185-->[com.google.android.gms:play-services-measurement:21.1.1] AndroidManifest.xml:39:9-43:72
186            android:name="com.google.android.gms.measurement.AppMeasurementJobService"
186-->[com.google.android.gms:play-services-measurement:21.1.1] AndroidManifest.xml:40:13-87
187            android:enabled="true"
187-->[com.google.android.gms:play-services-measurement:21.1.1] AndroidManifest.xml:41:13-35
188            android:exported="false"
188-->[com.google.android.gms:play-services-measurement:21.1.1] AndroidManifest.xml:42:13-37
189            android:permission="android.permission.BIND_JOB_SERVICE" />
189-->[com.google.android.gms:play-services-measurement:21.1.1] AndroidManifest.xml:43:13-69
190
191        <meta-data
191-->[com.google.android.gms:play-services-basement:18.1.0] AndroidManifest.xml:21:9-23:69
192            android:name="com.google.android.gms.version"
192-->[com.google.android.gms:play-services-basement:18.1.0] AndroidManifest.xml:22:13-58
193            android:value="@integer/google_play_services_version" />
193-->[com.google.android.gms:play-services-basement:18.1.0] AndroidManifest.xml:23:13-66
194
195        <uses-library
195-->[androidx.window:window:1.0.0] AndroidManifest.xml:25:9-27:40
196            android:name="androidx.window.extensions"
196-->[androidx.window:window:1.0.0] AndroidManifest.xml:26:13-54
197            android:required="false" />
197-->[androidx.window:window:1.0.0] AndroidManifest.xml:27:13-37
198        <uses-library
198-->[androidx.window:window:1.0.0] AndroidManifest.xml:28:9-30:40
199            android:name="androidx.window.sidecar"
199-->[androidx.window:window:1.0.0] AndroidManifest.xml:29:13-51
200            android:required="false" />
200-->[androidx.window:window:1.0.0] AndroidManifest.xml:30:13-37
201
202        <provider
202-->[androidx.emoji2:emoji2:1.2.0] AndroidManifest.xml:24:9-32:20
203            android:name="androidx.startup.InitializationProvider"
203-->[androidx.emoji2:emoji2:1.2.0] AndroidManifest.xml:25:13-67
204            android:authorities="com.iot.technion.regrowth.androidx-startup"
204-->[androidx.emoji2:emoji2:1.2.0] AndroidManifest.xml:26:13-68
205            android:exported="false" >
205-->[androidx.emoji2:emoji2:1.2.0] AndroidManifest.xml:27:13-37
206            <meta-data
206-->[androidx.emoji2:emoji2:1.2.0] AndroidManifest.xml:29:13-31:52
207                android:name="androidx.emoji2.text.EmojiCompatInitializer"
207-->[androidx.emoji2:emoji2:1.2.0] AndroidManifest.xml:30:17-75
208                android:value="androidx.startup" />
208-->[androidx.emoji2:emoji2:1.2.0] AndroidManifest.xml:31:17-49
209            <meta-data
209-->[androidx.lifecycle:lifecycle-process:2.4.1] AndroidManifest.xml:31:13-33:52
210                android:name="androidx.lifecycle.ProcessLifecycleInitializer"
210-->[androidx.lifecycle:lifecycle-process:2.4.1] AndroidManifest.xml:32:17-78
211                android:value="androidx.startup" />
211-->[androidx.lifecycle:lifecycle-process:2.4.1] AndroidManifest.xml:33:17-49
212        </provider>
213    </application>
214
215</manifest>